生成启动时间为 2021/4/9 23:20:49。
     1>项目“D:\C++\Test_4_8\Test_4_8\Test_4_8.vcxproj”在节点 2 上(Build 个目标)。
     1>ClCompile:
         D:\Program Files (x86)\Microsoft Visual Studio 12.0\VC\bin\CL.exe /c /ZI /nologo /W3 /WX- /sdl /Od /Oy- /D _MBCS /Gm /EHsc /RTC1 /MDd /GS /fp:precise /Zc:wchar_t /Zc:forScope /Fo"Debug\\" /Fd"Debug\vc120.pdb" /Gd /TP /analyze- /errorReport:prompt test.cpp
         test.cpp
     1>d:\c++\test_4_8\test_4_8\test.cpp(279): error C2059: 语法错误:“nullptr”
                 d:\c++\test_4_8\test_4_8\test.cpp(285): 参见对正在编译的类 模板 实例化“bite::ListNode<T>”的引用
     1>d:\c++\test_4_8\test_4_8\test.cpp(279): error C4430: 缺少类型说明符 - 假定为 int。注意:  C++ 不支持默认 int
     1>d:\c++\test_4_8\test_4_8\test.cpp(279): error C2061: 语法错误: 标识符“val”
     1>d:\c++\test_4_8\test_4_8\test.cpp(280): error C4430: 缺少类型说明符 - 假定为 int。注意:  C++ 不支持默认 int
     1>d:\c++\test_4_8\test_4_8\test.cpp(280): error C2143: 语法错误 : 缺少“;”(在“{”的前面)
     1>d:\c++\test_4_8\test_4_8\test.cpp(280): warning C4183: “_pPre”:  缺少返回类型；假定为返回“int”的成员函数
     1>d:\c++\test_4_8\test_4_8\test.cpp(280): error C2334: “{”的前面有意外标记；跳过明显的函数体
     1>d:\c++\test_4_8\test_4_8\test.cpp(285): fatal error C1075: 与左侧的 大括号“{”(位于“d:\c++\test_4_8\test_4_8\test.cpp(270)”)匹配之前遇到文件结束
     1>已完成生成项目“D:\C++\Test_4_8\Test_4_8\Test_4_8.vcxproj”(Build 个目标)的操作 - 失败。

生成失败。

已用时间 00:00:00.91
